<?xml version="1.0" encoding="UTF-8"?>
<testng-results skipped="0" failed="0" ignored="0" total="1" passed="1">
  <reporter-output>
  </reporter-output>
  <suite name="Free CRM Test Automation" duration-ms="17441" started-at="2018-09-30T07:49:46Z" finished-at="2018-09-30T07:50:04Z">
    <groups>
    </groups>
    <test name="Free CRM Sanity Test" duration-ms="17441" started-at="2018-09-30T07:49:46Z" finished-at="2018-09-30T07:50:04Z">
      <class name="com.crm.qa.testcases.LoginPageTest">
        <test-method status="PASS" signature="setup()[pri:0, instance:com.crm.qa.testcases.LoginPageTest@27a8c74e]" name="setup" is-config="true" duration-ms="16678" started-at="2018-09-30T07:49:46Z" finished-at="2018-09-30T07:50:03Z">
          <reporter-output>
          </reporter-output>
        </test-method> <!-- setup -->
        <test-method status="PASS" signature="loginPageTitleTest()[pri:0, instance:com.crm.qa.testcases.LoginPageTest@27a8c74e]" name="loginPageTitleTest" duration-ms="30" started-at="2018-09-30T07:50:03Z" finished-at="2018-09-30T07:50:03Z">
          <reporter-output>
          </reporter-output>
        </test-method> <!-- loginPageTitleTest -->
        <test-method status="PASS" signature="tearDown(org.testng.ITestResult)[pri:0, instance:com.crm.qa.testcases.LoginPageTest@27a8c74e]" name="tearDown" is-config="true" duration-ms="710" started-at="2018-09-30T07:50:03Z" finished-at="2018-09-30T07:50:04Z">
          <params>
            <param index="0">
              <value>
                <![CDATA[[TestResult name=loginPageTitleTest status=SUCCESS method=LoginPageTest.loginPageTitleTest()[pri:0, instance:com.crm.qa.testcases.LoginPageTest@27a8c74e] output={null}]]]>
              </value>
            </param>
          </params>
          <reporter-output>
          </reporter-output>
        </test-method> <!-- tearDown -->
      </class> <!-- com.crm.qa.testcases.LoginPageTest -->
    </test> <!-- Free CRM Sanity Test -->
  </suite> <!-- Free CRM Test Automation -->
</testng-results>
