<?xml version="1.0" encoding="UTF-8"?>
<testng-results skipped="0" failed="0" ignored="0" total="1" passed="1">
  <reporter-output>
  </reporter-output>
  <suite name="Default suite" duration-ms="7777" started-at="2018-11-23T17:29:57Z" finished-at="2018-11-23T17:30:05Z">
    <groups>
    </groups>
    <test name="Default test" duration-ms="7777" started-at="2018-11-23T17:29:57Z" finished-at="2018-11-23T17:30:05Z">
      <class name="com.crm.qa.testcases.SimpleLogTest">
        <test-method status="PASS" signature="setup()[pri:0, instance:com.crm.qa.testcases.SimpleLogTest@b9afc07]" name="setup" is-config="true" duration-ms="6906" started-at="2018-11-23T17:29:57Z" finished-at="2018-11-23T17:30:04Z">
          <reporter-output>
          </reporter-output>
        </test-method> <!-- setup -->
        <test-method status="PASS" signature="freeCrmTitleTest()[pri:1, instance:com.crm.qa.testcases.SimpleLogTest@b9afc07]" name="freeCrmTitleTest" duration-ms="818" started-at="2018-11-23T17:30:04Z" finished-at="2018-11-23T17:30:05Z">
          <reporter-output>
          </reporter-output>
        </test-method> <!-- freeCrmTitleTest -->
      </class> <!-- com.crm.qa.testcases.SimpleLogTest -->
    </test> <!-- Default test -->
  </suite> <!-- Default suite -->
</testng-results>
